Using pre-set license
Built from '2020.3/staging' branch; Version is '2020.3.26f1 (7298b473bc1a) revision 7510196'; Using compiler version '192528614'; Build Type 'Release'
OS: 'Windows 10  (10.0.19044) 64bit Professional' Language: 'en' Physical Memory: 32683 MB
BatchMode: 1, IsHumanControllingUs: 0, StartBugReporterOnCrash: 0, Is64bit: 1, IsPro: 0

COMMAND LINE ARGUMENTS:
C:\Program Files\Unity\Hub\Editor\2020.3.26f1\Editor\Unity.exe
-adb2
-batchMode
-noUpm
-name
AssetImportWorker0
-projectPath
C:/Users/evanb/Demented
-logFile
Logs/AssetImportWorker0.log
-srvPort
58418
Successfully changed project path to: C:/Users/evanb/Demented
C:/Users/evanb/Demented
Using Asset Import Pipeline V2.
Refreshing native plugins compatible for Editor in 26.16 ms, found 2 plugins.
Preloading 0 native plugins for Editor in 0.00 ms.
Initialize engine version: 2020.3.26f1 (7298b473bc1a)
[Subsystems] Discovering subsystems at path C:/Program Files/Unity/Hub/Editor/2020.3.26f1/Editor/Data/Resources/UnitySubsystems
[Subsystems] Discovering subsystems at path C:/Users/evanb/Demented/Assets
GfxDevice: creating device client; threaded=0
Direct3D:
    Version:  Direct3D 11.0 [level 11.1]
    Renderer: NVIDIA GeForce RTX 3070 (ID=0x2484)
    Vendor:   
    VRAM:     8043 MB
    Driver:   31.0.15.1694
Initialize mono
Mono path[0] = 'C:/Program Files/Unity/Hub/Editor/2020.3.26f1/Editor/Data/Managed'
Mono path[1] = 'C:/Program Files/Unity/Hub/Editor/2020.3.26f1/Editor/Data/MonoBleedingEdge/lib/mono/unityjit'
Mono config path = 'C:/Program Files/Unity/Hub/Editor/2020.3.26f1/Editor/Data/MonoBleedingEdge/etc'
Using monoOptions --debugger-agent=transport=dt_socket,embedding=1,server=y,suspend=n,address=127.0.0.1:56892
Begin MonoManager ReloadAssembly
Registering precompiled unity dll's ...
Register platform support module: C:/Program Files/Unity/Hub/Editor/2020.3.26f1/Editor/Data/PlaybackEngines/WindowsStandaloneSupport/UnityEditor.WindowsStandalone.Extensions.dll
Registered in 0.001551 seconds.
Native extension for WindowsStandalone target not found
Refreshing native plugins compatible for Editor in 24.42 ms, found 2 plugins.
Preloading 0 native plugins for Editor in 0.00 ms.
Mono: successfully reloaded assembly
- Completed reload, in  0.378 seconds
Domain Reload Profiling:
	ReloadAssembly (379ms)
		BeginReloadAssembly (39ms)
			ExecutionOrderSort (0ms)
			DisableScriptedObjects (0ms)
			BackupInstance (0ms)
			ReleaseScriptingObjects (0ms)
			CreateAndSetChildDomain (1ms)
		EndReloadAssembly (288ms)
			LoadAssemblies (37ms)
			RebuildTransferFunctionScriptingTraits (0ms)
			SetupTypeCache (91ms)
			ReleaseScriptCaches (0ms)
			RebuildScriptCaches (18ms)
			SetupLoadedEditorAssemblies (113ms)
				LogAssemblyErrors (0ms)
				InitializePlatformSupportModulesInManaged (3ms)
				SetLoadedEditorAssemblies (0ms)
				RefreshPlugins (24ms)
				BeforeProcessingInitializeOnLoad (9ms)
				ProcessInitializeOnLoadAttributes (55ms)
				ProcessInitializeOnLoadMethodAttributes (20ms)
				AfterProcessingInitializeOnLoad (0ms)
				EditorAssembliesLoaded (0ms)
			ExecutionOrderSort2 (0ms)
			AwakeInstancesAfterBackupRestoration (0ms)
Platform modules already initialized, skipping
Registering precompiled user dll's ...
Registered in 0.003575 seconds.
Begin MonoManager ReloadAssembly
Native extension for WindowsStandalone target not found
Refreshing native plugins compatible for Editor in 0.33 ms, found 2 plugins.
Preloading 0 native plugins for Editor in 0.00 ms.
Mono: successfully reloaded assembly
- Completed reload, in  0.643 seconds
Domain Reload Profiling:
	ReloadAssembly (644ms)
		BeginReloadAssembly (92ms)
			ExecutionOrderSort (0ms)
			DisableScriptedObjects (3ms)
			BackupInstance (0ms)
			ReleaseScriptingObjects (0ms)
			CreateAndSetChildDomain (13ms)
		EndReloadAssembly (509ms)
			LoadAssemblies (61ms)
			RebuildTransferFunctionScriptingTraits (0ms)
			SetupTypeCache (171ms)
			ReleaseScriptCaches (0ms)
			RebuildScriptCaches (25ms)
			SetupLoadedEditorAssemblies (199ms)
				LogAssemblyErrors (0ms)
				InitializePlatformSupportModulesInManaged (3ms)
				SetLoadedEditorAssemblies (0ms)
				RefreshPlugins (0ms)
				BeforeProcessingInitializeOnLoad (57ms)
				ProcessInitializeOnLoadAttributes (125ms)
				ProcessInitializeOnLoadMethodAttributes (7ms)
				AfterProcessingInitializeOnLoad (6ms)
				EditorAssembliesLoaded (0ms)
			ExecutionOrderSort2 (0ms)
			AwakeInstancesAfterBackupRestoration (5ms)
Platform modules already initialized, skipping
========================================================================
Worker process is ready to serve import requests
Launched and connected shader compiler UnityShaderCompiler.exe after 0.03 seconds
Refreshing native plugins compatible for Editor in 0.32 ms, found 2 plugins.
Preloading 0 native plugins for Editor in 0.00 ms.
Unloading 1577 Unused Serialized files (Serialized files now loaded: 0)
System memory in use before: 70.7 MB.
System memory in use after: 70.8 MB.

Unloading 19 unused Assets to reduce memory usage. Loaded Objects now: 2009.
Total: 2.341800 ms (FindLiveObjects: 0.125600 ms CreateObjectMapping: 0.035700 ms MarkObjects: 2.133100 ms  DeleteObjects: 0.046800 ms)

AssetImportParameters requested are different than current active one (requested -> active):
  custom:framework-win-MediaFoundation: 216162199b28c13a410421893ffa2e32 -> 
  custom:video-decoder-ogg-theora: a1e56fd34408186e4bbccfd4996cb3dc -> 
  custom:container-muxer-webm: aa71ff27fc2769a1b78a27578f13a17b -> 
  custom:container-demuxer-webm: 4f35f7cbe854078d1ac9338744f61a02 -> 
  custom:container-demuxer-ogg: 62fdf1f143b41e24485cea50d1cbac27 -> 
  custom:video-encoder-webm-vp8: eb34c28f22e8b96e1ab97ce403110664 -> 
  custom:video-decoder-webm-vp8: 9c59270c3fd7afecdb556c50c9e8de78 -> 
  custom:audio-decoder-ogg-vorbis: bf7c407c2cedff20999df2af8eb42d56 -> 
  custom:audio-encoder-webm-vorbis: bf7c407c2cedff20999df2af8eb42d56 -> 
========================================================================
Received Import Request.
  path: Assets/MainCharacter1_0.2.0.prefab
  artifactKey: Guid(ba463619bd9b0462ba682cbbaa3911f3) Importer(815301076,1909f56bfc062723c751e8b465ee728b)
Start importing Assets/MainCharacter1_0.2.0.prefab using Guid(ba463619bd9b0462ba682cbbaa3911f3) Importer(815301076,1909f56bfc062723c751e8b465ee728b)  -> (artifact id: '1614b0352163da6537d286fb18ce7237') in 0.034579 seconds 
  Import took 0.036463 seconds .

========================================================================
Received Import Request.
  Time since last request: 0.000110 seconds.
  path: Assets/InputSystem.inputsettings.asset
  artifactKey: Guid(43375a49539c8014eb804b68a5026ce0) Importer(815301076,1909f56bfc062723c751e8b465ee728b)
Start importing Assets/InputSystem.inputsettings.asset using Guid(43375a49539c8014eb804b68a5026ce0) Importer(815301076,1909f56bfc062723c751e8b465ee728b)  -> (artifact id: 'a1f73cc1ebbb349126fea341caa1cd35') in 0.005220 seconds 
  Import took 0.006903 seconds .

========================================================================
Received Prepare
Registering precompiled user dll's ...
Registered in 0.003907 seconds.
Begin MonoManager ReloadAssembly
Native extension for WindowsStandalone target not found
Refreshing native plugins compatible for Editor in 45.36 ms, found 3 plugins.
Preloading 0 native plugins for Editor in 0.00 ms.
Invalid AssetDatabase path: /Editor/EditorResources/cm_logo_sm.png. Use path relative to the project folder.
UnityEngine.StackTraceUtility:ExtractStackTrace ()
UnityEditor.AssetDatabase:LoadAssetAtPath<UnityEngine.Texture2D> (string)
Cinemachine.Editor.CinemachineSettings:get_CinemachineLogoTexture () (at Library/PackageCache/com.unity.cinemachine@2.6.11/Editor/Windows/CinemachineSettings.cs:205)
Cinemachine.Editor.CinemachineSettings:.cctor () (at Library/PackageCache/com.unity.cinemachine@2.6.11/Editor/Windows/CinemachineSettings.cs:237)
Cinemachine.CinemachineColliderPrefs:.cctor () (at Library/PackageCache/com.unity.cinemachine@2.6.11/Editor/Windows/CinemachineColliderPrefs.cs:61)
System.Runtime.CompilerServices.RuntimeHelpers:RunClassConstructor (System.RuntimeTypeHandle)
UnityEditor.EditorAssemblies:ProcessInitializeOnLoadAttributes (System.Type[])

[Library/PackageCache/com.unity.cinemachine@2.6.11/Editor/Windows/CinemachineSettings.cs line 205]

Mono: successfully reloaded assembly
- Completed reload, in  2.524 seconds
Domain Reload Profiling:
	ReloadAssembly (2525ms)
		BeginReloadAssembly (1049ms)
			ExecutionOrderSort (0ms)
			DisableScriptedObjects (15ms)
			BackupInstance (0ms)
			ReleaseScriptingObjects (0ms)
			CreateAndSetChildDomain (340ms)
		EndReloadAssembly (685ms)
			LoadAssemblies (395ms)
			RebuildTransferFunctionScriptingTraits (0ms)
			SetupTypeCache (228ms)
			ReleaseScriptCaches (1ms)
			RebuildScriptCaches (22ms)
			SetupLoadedEditorAssemblies (280ms)
				LogAssemblyErrors (0ms)
				InitializePlatformSupportModulesInManaged (2ms)
				SetLoadedEditorAssemblies (0ms)
				RefreshPlugins (45ms)
				BeforeProcessingInitializeOnLoad (51ms)
				ProcessInitializeOnLoadAttributes (169ms)
				ProcessInitializeOnLoadMethodAttributes (6ms)
				AfterProcessingInitializeOnLoad (6ms)
				EditorAssembliesLoaded (0ms)
			ExecutionOrderSort2 (0ms)
			AwakeInstancesAfterBackupRestoration (4ms)
Platform modules already initialized, skipping
Shader 'Universal Render Pipeline/Nature/SpeedTree7': dependency 'BillboardShader' shader 'Universal Render Pipeline/Nature/SpeedTree7 Billboard' not found
Shader 'Universal Render Pipeline/Baked Lit': fallback shader 'Universal Render Pipeline/Unlit' not found
Shader 'Universal Render Pipeline/Simple Lit': fallback shader 'Hidden/Universal Render Pipeline/FallbackError' not found
Shader 'Universal Render Pipeline/Terrain/Lit': fallback shader 'Hidden/Universal Render Pipeline/FallbackError' not found
Shader 'Universal Render Pipeline/Terrain/Lit': dependency 'AddPassShader' shader 'Hidden/Universal Render Pipeline/Terrain/Lit (Add Pass)' not found
Shader 'Universal Render Pipeline/Terrain/Lit': dependency 'BaseMapShader' shader 'Hidden/Universal Render Pipeline/Terrain/Lit (Base Pass)' not found
Shader 'Universal Render Pipeline/Terrain/Lit': dependency 'BaseMapGenShader' shader 'Hidden/Universal Render Pipeline/Terrain/Lit (Basemap Gen)' not found
Shader 'Hidden/Universal Render Pipeline/Terrain/Lit (Base Pass)': fallback shader 'Hidden/Universal Render Pipeline/FallbackError' not found
Shader 'Hidden/Universal Render Pipeline/Terrain/Lit (Add Pass)': fallback shader 'Hidden/Universal Render Pipeline/FallbackError' not found
Refreshing native plugins compatible for Editor in 0.58 ms, found 3 plugins.
Preloading 0 native plugins for Editor in 0.00 ms.
Unloading 3666 Unused Serialized files (Serialized files now loaded: 0)
System memory in use before: 154.8 MB.
System memory in use after: 148.4 MB.

Unloading 100 unused Assets to reduce memory usage. Loaded Objects now: 4024.
Total: 4.822400 ms (FindLiveObjects: 0.275500 ms CreateObjectMapping: 0.161000 ms MarkObjects: 2.627600 ms  DeleteObjects: 1.757200 ms)

AssetImportParameters requested are different than current active one (requested -> active):
  custom:framework-win-MediaFoundation: 216162199b28c13a410421893ffa2e32 -> 
  custom:video-decoder-ogg-theora: a1e56fd34408186e4bbccfd4996cb3dc -> 
  custom:container-muxer-webm: aa71ff27fc2769a1b78a27578f13a17b -> 
  custom:container-demuxer-webm: 4f35f7cbe854078d1ac9338744f61a02 -> 
  custom:container-demuxer-ogg: 62fdf1f143b41e24485cea50d1cbac27 -> 
  custom:video-encoder-webm-vp8: eb34c28f22e8b96e1ab97ce403110664 -> 
  custom:video-decoder-webm-vp8: 9c59270c3fd7afecdb556c50c9e8de78 -> 
  custom:audio-decoder-ogg-vorbis: bf7c407c2cedff20999df2af8eb42d56 -> 
  custom:audio-encoder-webm-vorbis: bf7c407c2cedff20999df2af8eb42d56 -> 
========================================================================
Received Import Request.
  Time since last request: 250.795405 seconds.
  path: Assets/Scripts/Player Behavior/PlayerControls.inputactions
  artifactKey: Guid(5280fb3e53378fc41b5351111fe19766) Importer(815301076,1909f56bfc062723c751e8b465ee728b)
Start importing Assets/Scripts/Player Behavior/PlayerControls.inputactions using Guid(5280fb3e53378fc41b5351111fe19766) Importer(815301076,1909f56bfc062723c751e8b465ee728b)  -> (artifact id: '78d102ffc24bd9f626e019acd320fa2c') in 0.024843 seconds 
  Import took 0.030138 seconds .

========================================================================
Received Prepare
Registering precompiled user dll's ...
Registered in 0.002946 seconds.
Begin MonoManager ReloadAssembly
Native extension for WindowsStandalone target not found
Refreshing native plugins compatible for Editor in 0.66 ms, found 3 plugins.
Preloading 0 native plugins for Editor in 0.00 ms.
Mono: successfully reloaded assembly
- Completed reload, in  0.770 seconds
Domain Reload Profiling:
	ReloadAssembly (770ms)
		BeginReloadAssembly (105ms)
			ExecutionOrderSort (0ms)
			DisableScriptedObjects (6ms)
			BackupInstance (0ms)
			ReleaseScriptingObjects (0ms)
			CreateAndSetChildDomain (30ms)
		EndReloadAssembly (620ms)
			LoadAssemblies (70ms)
			RebuildTransferFunctionScriptingTraits (0ms)
			SetupTypeCache (205ms)
			ReleaseScriptCaches (1ms)
			RebuildScriptCaches (27ms)
			SetupLoadedEditorAssemblies (256ms)
				LogAssemblyErrors (0ms)
				InitializePlatformSupportModulesInManaged (3ms)
				SetLoadedEditorAssemblies (0ms)
				RefreshPlugins (1ms)
				BeforeProcessingInitializeOnLoad (74ms)
				ProcessInitializeOnLoadAttributes (166ms)
				ProcessInitializeOnLoadMethodAttributes (6ms)
				AfterProcessingInitializeOnLoad (6ms)
				EditorAssembliesLoaded (0ms)
			ExecutionOrderSort2 (0ms)
			AwakeInstancesAfterBackupRestoration (4ms)
Platform modules already initialized, skipping
Refreshing native plugins compatible for Editor in 0.59 ms, found 3 plugins.
Preloading 0 native plugins for Editor in 0.00 ms.
Unloading 3666 Unused Serialized files (Serialized files now loaded: 0)
System memory in use before: 155.3 MB.
System memory in use after: 148.9 MB.

Unloading 101 unused Assets to reduce memory usage. Loaded Objects now: 4027.
Total: 4.838200 ms (FindLiveObjects: 0.260300 ms CreateObjectMapping: 0.140500 ms MarkObjects: 2.498000 ms  DeleteObjects: 1.938600 ms)

AssetImportParameters requested are different than current active one (requested -> active):
  custom:framework-win-MediaFoundation: 216162199b28c13a410421893ffa2e32 -> 
  custom:video-decoder-ogg-theora: a1e56fd34408186e4bbccfd4996cb3dc -> 
  custom:container-muxer-webm: aa71ff27fc2769a1b78a27578f13a17b -> 
  custom:container-demuxer-webm: 4f35f7cbe854078d1ac9338744f61a02 -> 
  custom:container-demuxer-ogg: 62fdf1f143b41e24485cea50d1cbac27 -> 
  custom:video-encoder-webm-vp8: eb34c28f22e8b96e1ab97ce403110664 -> 
  custom:video-decoder-webm-vp8: 9c59270c3fd7afecdb556c50c9e8de78 -> 
  custom:audio-decoder-ogg-vorbis: bf7c407c2cedff20999df2af8eb42d56 -> 
  custom:audio-encoder-webm-vorbis: bf7c407c2cedff20999df2af8eb42d56 -> 
========================================================================
Received Prepare
Registering precompiled user dll's ...
Registered in 0.003618 seconds.
Begin MonoManager ReloadAssembly
Native extension for WindowsStandalone target not found
Refreshing native plugins compatible for Editor in 0.65 ms, found 3 plugins.
Preloading 0 native plugins for Editor in 0.00 ms.
Mono: successfully reloaded assembly
- Completed reload, in  0.853 seconds
Domain Reload Profiling:
	ReloadAssembly (854ms)
		BeginReloadAssembly (96ms)
			ExecutionOrderSort (0ms)
			DisableScriptedObjects (4ms)
			BackupInstance (0ms)
			ReleaseScriptingObjects (0ms)
			CreateAndSetChildDomain (32ms)
		EndReloadAssembly (706ms)
			LoadAssemblies (83ms)
			RebuildTransferFunctionScriptingTraits (0ms)
			SetupTypeCache (234ms)
			ReleaseScriptCaches (1ms)
			RebuildScriptCaches (32ms)
			SetupLoadedEditorAssemblies (285ms)
				LogAssemblyErrors (0ms)
				InitializePlatformSupportModulesInManaged (3ms)
				SetLoadedEditorAssemblies (0ms)
				RefreshPlugins (1ms)
				BeforeProcessingInitializeOnLoad (82ms)
				ProcessInitializeOnLoadAttributes (186ms)
				ProcessInitializeOnLoadMethodAttributes (7ms)
				AfterProcessingInitializeOnLoad (7ms)
				EditorAssembliesLoaded (0ms)
			ExecutionOrderSort2 (0ms)
			AwakeInstancesAfterBackupRestoration (6ms)
Platform modules already initialized, skipping
Refreshing native plugins compatible for Editor in 0.62 ms, found 3 plugins.
Preloading 0 native plugins for Editor in 0.00 ms.
Unloading 3665 Unused Serialized files (Serialized files now loaded: 0)
System memory in use before: 155.4 MB.
System memory in use after: 149.0 MB.

Unloading 101 unused Assets to reduce memory usage. Loaded Objects now: 4029.
Total: 4.986800 ms (FindLiveObjects: 0.272100 ms CreateObjectMapping: 0.135600 ms MarkObjects: 2.526400 ms  DeleteObjects: 2.051800 ms)

AssetImportParameters requested are different than current active one (requested -> active):
  custom:framework-win-MediaFoundation: 216162199b28c13a410421893ffa2e32 -> 
  custom:video-decoder-ogg-theora: a1e56fd34408186e4bbccfd4996cb3dc -> 
  custom:container-muxer-webm: aa71ff27fc2769a1b78a27578f13a17b -> 
  custom:container-demuxer-webm: 4f35f7cbe854078d1ac9338744f61a02 -> 
  custom:container-demuxer-ogg: 62fdf1f143b41e24485cea50d1cbac27 -> 
  custom:video-encoder-webm-vp8: eb34c28f22e8b96e1ab97ce403110664 -> 
  custom:video-decoder-webm-vp8: 9c59270c3fd7afecdb556c50c9e8de78 -> 
  custom:audio-decoder-ogg-vorbis: bf7c407c2cedff20999df2af8eb42d56 -> 
  custom:audio-encoder-webm-vorbis: bf7c407c2cedff20999df2af8eb42d56 -> 
========================================================================
Received Import Request.
  Time since last request: 71.334927 seconds.
  path: Assets/Player Animation/CharacterModel@Rifle Aiming Idle.fbx
  artifactKey: Guid(86db0b85cc701454bbdb3c5bb87fe10b) Importer(815301076,1909f56bfc062723c751e8b465ee728b)
Start importing Assets/Player Animation/CharacterModel@Rifle Aiming Idle.fbx using Guid(86db0b85cc701454bbdb3c5bb87fe10b) Importer(815301076,1909f56bfc062723c751e8b465ee728b)  -> (artifact id: '1c5f9d8b22a97261385dc8b27b38d903') in 0.087947 seconds 
  Import took 0.092448 seconds .

========================================================================
Received Import Request.
  Time since last request: 0.000116 seconds.
  path: Assets/Player Animation/start walking.fbx
  artifactKey: Guid(6782e27973c7848958b1c9437e6d6edf) Importer(815301076,1909f56bfc062723c751e8b465ee728b)
Start importing Assets/Player Animation/start walking.fbx using Guid(6782e27973c7848958b1c9437e6d6edf) Importer(815301076,1909f56bfc062723c751e8b465ee728b)  -> (artifact id: 'f1c015325d4463f742b9d9bc4fdff062') in 0.008740 seconds 
  Import took 0.012677 seconds .

========================================================================
Received Import Request.
  Time since last request: 0.000099 seconds.
  path: Assets/Player Animation/jump backward.fbx
  artifactKey: Guid(624bfb05017814ef3a8114353d28165f) Importer(815301076,1909f56bfc062723c751e8b465ee728b)
Start importing Assets/Player Animation/jump backward.fbx using Guid(624bfb05017814ef3a8114353d28165f) Importer(815301076,1909f56bfc062723c751e8b465ee728b)  -> (artifact id: '6e0abab7757a784d607d1e13d936a836') in 0.009190 seconds 
  Import took 0.012818 seconds .

========================================================================
Received Import Request.
  Time since last request: 0.000107 seconds.
  path: Assets/Player Animation/jump forward.fbx
  artifactKey: Guid(5885f4020fc1641d29f8f6666d5f22f6) Importer(815301076,1909f56bfc062723c751e8b465ee728b)
Start importing Assets/Player Animation/jump forward.fbx using Guid(5885f4020fc1641d29f8f6666d5f22f6) Importer(815301076,1909f56bfc062723c751e8b465ee728b)  -> (artifact id: 'b6894adf92774df734846379ce7aec19') in 0.009377 seconds 
  Import took 0.013416 seconds .

========================================================================
Received Import Request.
  Time since last request: 0.000107 seconds.
  path: Assets/Player Animation/Looking Behind.fbx
  artifactKey: Guid(a324d889d34d14c5a8687f49f89b8f2f) Importer(815301076,1909f56bfc062723c751e8b465ee728b)
Start importing Assets/Player Animation/Looking Behind.fbx using Guid(a324d889d34d14c5a8687f49f89b8f2f) Importer(815301076,1909f56bfc062723c751e8b465ee728b)  -> (artifact id: '6ac478f3b44b2ef83da9fc04b9814179') in 0.146893 seconds 
  Import took 0.150918 seconds .

========================================================================
Received Import Request.
  Time since last request: 0.000125 seconds.
  path: Assets/Player Animation/walk backwards stop.fbx
  artifactKey: Guid(bc8a0ef95344d4f7d9ba5506e10541ea) Importer(815301076,1909f56bfc062723c751e8b465ee728b)
Start importing Assets/Player Animation/walk backwards stop.fbx using Guid(bc8a0ef95344d4f7d9ba5506e10541ea) Importer(815301076,1909f56bfc062723c751e8b465ee728b)  -> (artifact id: '79f537c96bd26ee35c6e64d3cb620f88') in 0.009019 seconds 
  Import took 0.013080 seconds .

========================================================================
Received Import Request.
  Time since last request: 0.000119 seconds.
  path: Assets/Player Animation/firing rifle.fbx
  artifactKey: Guid(f061ecb6f5f5e40528e185e4da225a8c) Importer(815301076,1909f56bfc062723c751e8b465ee728b)
Start importing Assets/Player Animation/firing rifle.fbx using Guid(f061ecb6f5f5e40528e185e4da225a8c) Importer(815301076,1909f56bfc062723c751e8b465ee728b)  -> (artifact id: '4b5356f45fcdf5abf6301a5eb15eef6a') in 0.009255 seconds 
  Import took 0.013261 seconds .

========================================================================
Received Import Request.
  Time since last request: 0.000106 seconds.
  path: Assets/Player Animation/run backwards.fbx
  artifactKey: Guid(8fa8a55283058426897be8dd12d6cd96) Importer(815301076,1909f56bfc062723c751e8b465ee728b)
Start importing Assets/Player Animation/run backwards.fbx using Guid(8fa8a55283058426897be8dd12d6cd96) Importer(815301076,1909f56bfc062723c751e8b465ee728b)  -> (artifact id: '7b16d5ded2d4c5c7a536230416ee57c5') in 0.008741 seconds 
  Import took 0.012648 seconds .

========================================================================
Received Import Request.
  Time since last request: 0.000120 seconds.
  path: Assets/Player Animation/rifle run.fbx
  artifactKey: Guid(7791a6cbf12a049979aa2ea77b4df417) Importer(815301076,1909f56bfc062723c751e8b465ee728b)
Start importing Assets/Player Animation/rifle run.fbx using Guid(7791a6cbf12a049979aa2ea77b4df417) Importer(815301076,1909f56bfc062723c751e8b465ee728b)  -> (artifact id: '1fd14c2fd0d01caef6092b96f7e12b3f') in 0.008906 seconds 
  Import took 0.013200 seconds .

========================================================================
Received Import Request.
  Time since last request: 0.000116 seconds.
  path: Assets/Player Animation/start walking backwards.fbx
  artifactKey: Guid(d2022ee33c520440587c9c0d0c907ef2) Importer(815301076,1909f56bfc062723c751e8b465ee728b)
Start importing Assets/Player Animation/start walking backwards.fbx using Guid(d2022ee33c520440587c9c0d0c907ef2) Importer(815301076,1909f56bfc062723c751e8b465ee728b)  -> (artifact id: 'b158bae7b16e534e7be28a0c4e57b26a') in 0.009029 seconds 
  Import took 0.013544 seconds .

========================================================================
Received Import Request.
  Time since last request: 0.000112 seconds.
  path: Assets/Player Animation/walking.fbx
  artifactKey: Guid(e9dc73e9b418b46ee8bde60cc517f43e) Importer(815301076,1909f56bfc062723c751e8b465ee728b)
Start importing Assets/Player Animation/walking.fbx using Guid(e9dc73e9b418b46ee8bde60cc517f43e) Importer(815301076,1909f56bfc062723c751e8b465ee728b)  -> (artifact id: '4283d07be5cf9bb348f3a908db23ab19') in 0.009266 seconds 
  Import took 0.013215 seconds .

========================================================================
Received Import Request.
  Time since last request: 0.000115 seconds.
  path: Assets/Player Animation/Idle.fbx
  artifactKey: Guid(d122640a47259488d8b4beae577e2bcb) Importer(815301076,1909f56bfc062723c751e8b465ee728b)
Start importing Assets/Player Animation/Idle.fbx using Guid(d122640a47259488d8b4beae577e2bcb) Importer(815301076,1909f56bfc062723c751e8b465ee728b)  -> (artifact id: '5c5e002b282854373b4e18123e5c348c') in 0.029888 seconds 
  Import took 0.034096 seconds .

========================================================================
Received Import Request.
  Time since last request: 0.000125 seconds.
  path: Assets/Player Animation/walking backwards.fbx
  artifactKey: Guid(39ee7ac2cc93b4380b96c9d74a748238) Importer(815301076,1909f56bfc062723c751e8b465ee728b)
Start importing Assets/Player Animation/walking backwards.fbx using Guid(39ee7ac2cc93b4380b96c9d74a748238) Importer(815301076,1909f56bfc062723c751e8b465ee728b)  -> (artifact id: '24e89cb355b4d6e719074beef3737649') in 0.009099 seconds 
  Import took 0.013471 seconds .

========================================================================
Received Import Request.
  Time since last request: 0.000111 seconds.
  path: Assets/Player Animation/walking to dying.fbx
  artifactKey: Guid(1a35f08458a0746a0bd775aac74c5225) Importer(815301076,1909f56bfc062723c751e8b465ee728b)
Start importing Assets/Player Animation/walking to dying.fbx using Guid(1a35f08458a0746a0bd775aac74c5225) Importer(815301076,1909f56bfc062723c751e8b465ee728b)  -> (artifact id: '6c6c4741209857cb8a6d34a5bc2d15c1') in 0.009780 seconds 
  Import took 0.014169 seconds .

========================================================================
Received Import Request.
  Time since last request: 0.000123 seconds.
  path: Assets/Player Animation/stop walking.fbx
  artifactKey: Guid(44be95c6a18cc4ccdb5435131c66f73b) Importer(815301076,1909f56bfc062723c751e8b465ee728b)
Start importing Assets/Player Animation/stop walking.fbx using Guid(44be95c6a18cc4ccdb5435131c66f73b) Importer(815301076,1909f56bfc062723c751e8b465ee728b)  -> (artifact id: 'a17ec7596559bd58602479bcf62bfabe') in 0.010226 seconds 
  Import took 0.014498 seconds .

========================================================================
Received Import Request.
  Time since last request: 0.000113 seconds.
  path: Assets/Player Animation/rifle aiming idle.fbx
  artifactKey: Guid(a72c30d8c1ebb4426bf14562a55d60dd) Importer(815301076,1909f56bfc062723c751e8b465ee728b)
Start importing Assets/Player Animation/rifle aiming idle.fbx using Guid(a72c30d8c1ebb4426bf14562a55d60dd) Importer(815301076,1909f56bfc062723c751e8b465ee728b)  -> (artifact id: '7b510265831478ff3b3f999063671d93') in 0.008861 seconds 
  Import took 0.013022 seconds .

========================================================================
Received Import Request.
  Time since last request: 0.000113 seconds.
  path: Assets/Player Animation/strafe.fbx
  artifactKey: Guid(116f1a551fb0847d191b4e8294a3040b) Importer(815301076,1909f56bfc062723c751e8b465ee728b)
Start importing Assets/Player Animation/strafe.fbx using Guid(116f1a551fb0847d191b4e8294a3040b) Importer(815301076,1909f56bfc062723c751e8b465ee728b)  -> (artifact id: 'abb13a8475446c063c19a01ce0c11185') in 0.009182 seconds 
  Import took 0.013277 seconds .

========================================================================
Received Import Request.
  Time since last request: 0.000106 seconds.
  path: Assets/Player Animation/PLAYER.fbx
  artifactKey: Guid(8ca845e402b214636a052cf291ed6fd4) Importer(815301076,1909f56bfc062723c751e8b465ee728b)
Start importing Assets/Player Animation/PLAYER.fbx using Guid(8ca845e402b214636a052cf291ed6fd4) Importer(815301076,1909f56bfc062723c751e8b465ee728b)  -> (artifact id: '0faf7d6812807d6fbcdc920c2720ae2f') in 0.038402 seconds 
  Import took 0.042566 seconds .

========================================================================
Received Import Request.
  Time since last request: 0.000131 seconds.
  path: Assets/Player Animation/strafe left.fbx
  artifactKey: Guid(4554ceac7c3d9434ca4a495dd0b1fcc6) Importer(815301076,1909f56bfc062723c751e8b465ee728b)
Start importing Assets/Player Animation/strafe left.fbx using Guid(4554ceac7c3d9434ca4a495dd0b1fcc6) Importer(815301076,1909f56bfc062723c751e8b465ee728b)  -> (artifact id: '5a25b9e215b1c4e954c19ae1331c36e1') in 0.008618 seconds 
  Import took 0.012675 seconds .

========================================================================
Received Import Request.
  Time since last request: 0.000118 seconds.
  path: Assets/Player Animation/knife.fbx
  artifactKey: Guid(c900e35b44f41124ba89a217ade164c8) Importer(815301076,1909f56bfc062723c751e8b465ee728b)
Start importing Assets/Player Animation/knife.fbx using Guid(c900e35b44f41124ba89a217ade164c8) Importer(815301076,1909f56bfc062723c751e8b465ee728b)  -> (artifact id: 'e8770eb7a58de6cec48ba7f8b2378c8b') in 0.030606 seconds 
  Import took 0.035429 seconds .

========================================================================
Received Import Request.
  Time since last request: 12.070240 seconds.
  path: Assets/Scripts/Music.cs
  artifactKey: Guid(418c56f588459924c9b4fd44c2a7dc82) Importer(815301076,1909f56bfc062723c751e8b465ee728b)
Start importing Assets/Scripts/Music.cs using Guid(418c56f588459924c9b4fd44c2a7dc82) Importer(815301076,1909f56bfc062723c751e8b465ee728b)  -> (artifact id: '9da23c2128a51d77dd0b3537d9d89fea') in 0.006157 seconds 
  Import took 0.010521 seconds .

========================================================================
Received Import Request.
  Time since last request: 16.518171 seconds.
  path: Assets/Scripts/Player Behavior
  artifactKey: Guid(9721c7de75f236f4e933e97aa75e9dad) Importer(815301076,1909f56bfc062723c751e8b465ee728b)
Start importing Assets/Scripts/Player Behavior using Guid(9721c7de75f236f4e933e97aa75e9dad) Importer(815301076,1909f56bfc062723c751e8b465ee728b)  -> (artifact id: 'aaf50812de8a92014dff5dd04f93230b') in 0.004405 seconds 
  Import took 0.008796 seconds .

========================================================================
Received Import Request.
  Time since last request: 1.926016 seconds.
  path: Assets/Scripts/Player Behavior/PlayerController.cs
  artifactKey: Guid(9a36bf2d616acd54eb81ee59d3800e07) Importer(815301076,1909f56bfc062723c751e8b465ee728b)
Start importing Assets/Scripts/Player Behavior/PlayerController.cs using Guid(9a36bf2d616acd54eb81ee59d3800e07) Importer(815301076,1909f56bfc062723c751e8b465ee728b)  -> (artifact id: '6e72ae64b61533d11f383ceabc2139fd') in 0.004356 seconds 
  Import took 0.008879 seconds .

========================================================================
Received Prepare
Registering precompiled user dll's ...
Registered in 0.003482 seconds.
Begin MonoManager ReloadAssembly
Native extension for WindowsStandalone target not found
Refreshing native plugins compatible for Editor in 0.71 ms, found 3 plugins.
Preloading 0 native plugins for Editor in 0.00 ms.
Mono: successfully reloaded assembly
- Completed reload, in  0.853 seconds
Domain Reload Profiling:
	ReloadAssembly (854ms)
		BeginReloadAssembly (99ms)
			ExecutionOrderSort (0ms)
			DisableScriptedObjects (3ms)
			BackupInstance (0ms)
			ReleaseScriptingObjects (0ms)
			CreateAndSetChildDomain (32ms)
		EndReloadAssembly (706ms)
			LoadAssemblies (77ms)
			RebuildTransferFunctionScriptingTraits (0ms)
			SetupTypeCache (233ms)
			ReleaseScriptCaches (1ms)
			RebuildScriptCaches (32ms)
			SetupLoadedEditorAssemblies (291ms)
				LogAssemblyErrors (0ms)
				InitializePlatformSupportModulesInManaged (3ms)
				SetLoadedEditorAssemblies (0ms)
				RefreshPlugins (1ms)
				BeforeProcessingInitializeOnLoad (84ms)
				ProcessInitializeOnLoadAttributes (190ms)
				ProcessInitializeOnLoadMethodAttributes (7ms)
				AfterProcessingInitializeOnLoad (6ms)
				EditorAssembliesLoaded (0ms)
			ExecutionOrderSort2 (0ms)
			AwakeInstancesAfterBackupRestoration (5ms)
Platform modules already initialized, skipping
Refreshing native plugins compatible for Editor in 0.62 ms, found 3 plugins.
Preloading 0 native plugins for Editor in 0.00 ms.
Unloading 3665 Unused Serialized files (Serialized files now loaded: 0)
System memory in use before: 173.0 MB.
System memory in use after: 166.5 MB.

Unloading 101 unused Assets to reduce memory usage. Loaded Objects now: 4075.
Total: 5.318100 ms (FindLiveObjects: 0.271100 ms CreateObjectMapping: 0.156600 ms MarkObjects: 3.000900 ms  DeleteObjects: 1.888700 ms)

AssetImportParameters requested are different than current active one (requested -> active):
  custom:framework-win-MediaFoundation: 216162199b28c13a410421893ffa2e32 -> 
  custom:video-decoder-ogg-theora: a1e56fd34408186e4bbccfd4996cb3dc -> 
  custom:container-muxer-webm: aa71ff27fc2769a1b78a27578f13a17b -> 
  custom:container-demuxer-webm: 4f35f7cbe854078d1ac9338744f61a02 -> 
  custom:container-demuxer-ogg: 62fdf1f143b41e24485cea50d1cbac27 -> 
  custom:video-encoder-webm-vp8: eb34c28f22e8b96e1ab97ce403110664 -> 
  custom:video-decoder-webm-vp8: 9c59270c3fd7afecdb556c50c9e8de78 -> 
  custom:audio-decoder-ogg-vorbis: bf7c407c2cedff20999df2af8eb42d56 -> 
  custom:audio-encoder-webm-vorbis: bf7c407c2cedff20999df2af8eb42d56 -> 
========================================================================
Received Import Request.
  Time since last request: 130.878642 seconds.
  path: Assets/Scripts/Main Menu
  artifactKey: Guid(44d8ad4d2fe164567a6a20f7e04164f6) Importer(815301076,1909f56bfc062723c751e8b465ee728b)
Start importing Assets/Scripts/Main Menu using Guid(44d8ad4d2fe164567a6a20f7e04164f6) Importer(815301076,1909f56bfc062723c751e8b465ee728b)  -> (artifact id: 'fe0f24db4f17e4be3f21dc7996dcdccc') in 0.008597 seconds 
  Import took 0.013541 seconds .

========================================================================
Received Import Request.
  Time since last request: 2.677539 seconds.
  path: Assets/Scenes
  artifactKey: Guid(9c9aa742f97644a4a91819eb0524c3f5) Importer(815301076,1909f56bfc062723c751e8b465ee728b)
Start importing Assets/Scenes using Guid(9c9aa742f97644a4a91819eb0524c3f5) Importer(815301076,1909f56bfc062723c751e8b465ee728b)  -> (artifact id: 'e07519101b9fb3bd7ff83759bb842351') in 0.005492 seconds 
  Import took 0.009877 seconds .

========================================================================
Received Import Request.
  Time since last request: 3.169802 seconds.
  path: Assets/Scenes/World Generation.unity
  artifactKey: Guid(b00cce074f651468d8c3a43c4f8d58d2) Importer(815301076,1909f56bfc062723c751e8b465ee728b)
Start importing Assets/Scenes/World Generation.unity using Guid(b00cce074f651468d8c3a43c4f8d58d2) Importer(815301076,1909f56bfc062723c751e8b465ee728b)  -> (artifact id: 'afa136c70297f02f7a2330b161d07504') in 0.015262 seconds 
  Import took 0.020074 seconds .

========================================================================
Received Import Request.
  Time since last request: 3.319743 seconds.
  path: Assets/Scenes/completed stage.unity
  artifactKey: Guid(656391cc15b3f4654bd679f2f94e2ddf) Importer(815301076,1909f56bfc062723c751e8b465ee728b)
Start importing Assets/Scenes/completed stage.unity using Guid(656391cc15b3f4654bd679f2f94e2ddf) Importer(815301076,1909f56bfc062723c751e8b465ee728b)  -> (artifact id: '2f00b2ab7cf60a9d4e9fd344f273e00d') in 0.004783 seconds 
  Import took 0.009391 seconds .

========================================================================
Received Import Request.
  Time since last request: 8.510027 seconds.
  path: Assets/Scenes/MainMenu.unity
  artifactKey: Guid(ee91546e234054f72aa43eaa68c6bbc1) Importer(815301076,1909f56bfc062723c751e8b465ee728b)
Start importing Assets/Scenes/MainMenu.unity using Guid(ee91546e234054f72aa43eaa68c6bbc1) Importer(815301076,1909f56bfc062723c751e8b465ee728b)  -> (artifact id: '3c00a437b9b89777839abffa0c5d12b0') in 0.009792 seconds 
  Import took 0.014436 seconds .

========================================================================
Received Import Request.
  Time since last request: 1.679308 seconds.
  path: Assets/Scenes/SampleScene.unity
  artifactKey: Guid(9fc0d4010bbf28b4594072e72b8655ab) Importer(815301076,1909f56bfc062723c751e8b465ee728b)
Start importing Assets/Scenes/SampleScene.unity using Guid(9fc0d4010bbf28b4594072e72b8655ab) Importer(815301076,1909f56bfc062723c751e8b465ee728b)  -> (artifact id: 'd9b2ac32563490408de92cbe6a55ddf3') in 0.004654 seconds 
  Import took 0.009018 seconds .

========================================================================
Received Prepare
Registering precompiled user dll's ...
Registered in 0.003675 seconds.
Begin MonoManager ReloadAssembly
Native extension for WindowsStandalone target not found
Refreshing native plugins compatible for Editor in 0.65 ms, found 3 plugins.
Preloading 0 native plugins for Editor in 0.00 ms.
Mono: successfully reloaded assembly
- Completed reload, in  0.861 seconds
Domain Reload Profiling:
	ReloadAssembly (862ms)
		BeginReloadAssembly (98ms)
			ExecutionOrderSort (0ms)
			DisableScriptedObjects (4ms)
			BackupInstance (0ms)
			ReleaseScriptingObjects (0ms)
			CreateAndSetChildDomain (30ms)
		EndReloadAssembly (713ms)
			LoadAssemblies (80ms)
			RebuildTransferFunctionScriptingTraits (0ms)
			SetupTypeCache (234ms)
			ReleaseScriptCaches (1ms)
			RebuildScriptCaches (33ms)
			SetupLoadedEditorAssemblies (293ms)
				LogAssemblyErrors (0ms)
				InitializePlatformSupportModulesInManaged (3ms)
				SetLoadedEditorAssemblies (0ms)
				RefreshPlugins (1ms)
				BeforeProcessingInitializeOnLoad (86ms)
				ProcessInitializeOnLoadAttributes (189ms)
				ProcessInitializeOnLoadMethodAttributes (7ms)
				AfterProcessingInitializeOnLoad (7ms)
				EditorAssembliesLoaded (0ms)
			ExecutionOrderSort2 (0ms)
			AwakeInstancesAfterBackupRestoration (5ms)
Platform modules already initialized, skipping
Refreshing native plugins compatible for Editor in 0.69 ms, found 3 plugins.
Preloading 0 native plugins for Editor in 0.00 ms.
Unloading 3665 Unused Serialized files (Serialized files now loaded: 0)
System memory in use before: 173.0 MB.
System memory in use after: 166.6 MB.

Unloading 101 unused Assets to reduce memory usage. Loaded Objects now: 4077.
Total: 5.750100 ms (FindLiveObjects: 0.298900 ms CreateObjectMapping: 0.311700 ms MarkObjects: 3.031100 ms  DeleteObjects: 2.107800 ms)

AssetImportParameters requested are different than current active one (requested -> active):
  custom:framework-win-MediaFoundation: 216162199b28c13a410421893ffa2e32 -> 
  custom:video-decoder-ogg-theora: a1e56fd34408186e4bbccfd4996cb3dc -> 
  custom:container-muxer-webm: aa71ff27fc2769a1b78a27578f13a17b -> 
  custom:container-demuxer-webm: 4f35f7cbe854078d1ac9338744f61a02 -> 
  custom:container-demuxer-ogg: 62fdf1f143b41e24485cea50d1cbac27 -> 
  custom:video-encoder-webm-vp8: eb34c28f22e8b96e1ab97ce403110664 -> 
  custom:video-decoder-webm-vp8: 9c59270c3fd7afecdb556c50c9e8de78 -> 
  custom:audio-decoder-ogg-vorbis: bf7c407c2cedff20999df2af8eb42d56 -> 
  custom:audio-encoder-webm-vorbis: bf7c407c2cedff20999df2af8eb42d56 -> 
========================================================================
Received Import Request.
  Time since last request: 195.557582 seconds.
  path: Assets/Player Animation
  artifactKey: Guid(7cff7305dccc042419639035bfe95dc7) Importer(815301076,1909f56bfc062723c751e8b465ee728b)
Start importing Assets/Player Animation using Guid(7cff7305dccc042419639035bfe95dc7) Importer(815301076,1909f56bfc062723c751e8b465ee728b)  -> (artifact id: '3d720eb804325cf88f4fb4fc7864abc9') in 0.008406 seconds 
  Import took 0.012845 seconds .

========================================================================
Received Import Request.
  Time since last request: 1.830777 seconds.
  path: Assets/Scripts
  artifactKey: Guid(7557656f2dba9ce49872a20b28137b38) Importer(815301076,1909f56bfc062723c751e8b465ee728b)
Start importing Assets/Scripts using Guid(7557656f2dba9ce49872a20b28137b38) Importer(815301076,1909f56bfc062723c751e8b465ee728b)  -> (artifact id: '7677b638adf4edd0c3a1c7f2eb9e2e0b') in 0.019579 seconds 
  Import took 0.023853 seconds .

========================================================================
Received Import Request.
  Time since last request: 36.438665 seconds.
  path: Assets/Scripts/Player Behavior/PlayerControls.cs
  artifactKey: Guid(353b2d94b768ac14abde3fd26cd99b7c) Importer(815301076,1909f56bfc062723c751e8b465ee728b)
Start importing Assets/Scripts/Player Behavior/PlayerControls.cs using Guid(353b2d94b768ac14abde3fd26cd99b7c) Importer(815301076,1909f56bfc062723c751e8b465ee728b)  -> (artifact id: '19ec2a7c413c85fdeaf755bf51a971ea') in 0.001961 seconds 
  Import took 0.006050 seconds .

========================================================================
Received Prepare
Registering precompiled user dll's ...
Registered in 0.003481 seconds.
Begin MonoManager ReloadAssembly
Native extension for WindowsStandalone target not found
Refreshing native plugins compatible for Editor in 0.60 ms, found 3 plugins.
Preloading 0 native plugins for Editor in 0.00 ms.
Mono: successfully reloaded assembly
- Completed reload, in  0.743 seconds
Domain Reload Profiling:
	ReloadAssembly (743ms)
		BeginReloadAssembly (99ms)
			ExecutionOrderSort (0ms)
			DisableScriptedObjects (3ms)
			BackupInstance (0ms)
			ReleaseScriptingObjects (0ms)
			CreateAndSetChildDomain (28ms)
		EndReloadAssembly (598ms)
			LoadAssemblies (69ms)
			RebuildTransferFunctionScriptingTraits (0ms)
			SetupTypeCache (193ms)
			ReleaseScriptCaches (1ms)
			RebuildScriptCaches (29ms)
			SetupLoadedEditorAssemblies (242ms)
				LogAssemblyErrors (0ms)
				InitializePlatformSupportModulesInManaged (2ms)
				SetLoadedEditorAssemblies (0ms)
				RefreshPlugins (1ms)
				BeforeProcessingInitializeOnLoad (71ms)
				ProcessInitializeOnLoadAttributes (156ms)
				ProcessInitializeOnLoadMethodAttributes (6ms)
				AfterProcessingInitializeOnLoad (5ms)
				EditorAssembliesLoaded (0ms)
			ExecutionOrderSort2 (0ms)
			AwakeInstancesAfterBackupRestoration (5ms)
Platform modules already initialized, skipping
Refreshing native plugins compatible for Editor in 0.58 ms, found 3 plugins.
Preloading 0 native plugins for Editor in 0.00 ms.
Unloading 3665 Unused Serialized files (Serialized files now loaded: 0)
System memory in use before: 173.0 MB.
System memory in use after: 166.6 MB.

Unloading 101 unused Assets to reduce memory usage. Loaded Objects now: 4079.
Total: 4.933400 ms (FindLiveObjects: 0.239100 ms CreateObjectMapping: 0.133100 ms MarkObjects: 2.617300 ms  DeleteObjects: 1.943200 ms)

AssetImportParameters requested are different than current active one (requested -> active):
  custom:framework-win-MediaFoundation: 216162199b28c13a410421893ffa2e32 -> 
  custom:video-decoder-ogg-theora: a1e56fd34408186e4bbccfd4996cb3dc -> 
  custom:container-muxer-webm: aa71ff27fc2769a1b78a27578f13a17b -> 
  custom:container-demuxer-webm: 4f35f7cbe854078d1ac9338744f61a02 -> 
  custom:container-demuxer-ogg: 62fdf1f143b41e24485cea50d1cbac27 -> 
  custom:video-encoder-webm-vp8: eb34c28f22e8b96e1ab97ce403110664 -> 
  custom:video-decoder-webm-vp8: 9c59270c3fd7afecdb556c50c9e8de78 -> 
  custom:audio-decoder-ogg-vorbis: bf7c407c2cedff20999df2af8eb42d56 -> 
  custom:audio-encoder-webm-vorbis: bf7c407c2cedff20999df2af8eb42d56 -> 
========================================================================
Received Prepare
Registering precompiled user dll's ...
Registered in 0.004053 seconds.
Begin MonoManager ReloadAssembly
Native extension for WindowsStandalone target not found
Refreshing native plugins compatible for Editor in 0.61 ms, found 3 plugins.
Preloading 0 native plugins for Editor in 0.00 ms.
Mono: successfully reloaded assembly
- Completed reload, in  0.859 seconds
Domain Reload Profiling:
	ReloadAssembly (859ms)
		BeginReloadAssembly (104ms)
			ExecutionOrderSort (0ms)
			DisableScriptedObjects (4ms)
			BackupInstance (0ms)
			ReleaseScriptingObjects (0ms)
			CreateAndSetChildDomain (30ms)
		EndReloadAssembly (702ms)
			LoadAssemblies (78ms)
			RebuildTransferFunctionScriptingTraits (0ms)
			SetupTypeCache (230ms)
			ReleaseScriptCaches (1ms)
			RebuildScriptCaches (33ms)
			SetupLoadedEditorAssemblies (288ms)
				LogAssemblyErrors (0ms)
				InitializePlatformSupportModulesInManaged (3ms)
				SetLoadedEditorAssemblies (0ms)
				RefreshPlugins (1ms)
				BeforeProcessingInitializeOnLoad (82ms)
				ProcessInitializeOnLoadAttributes (189ms)
				ProcessInitializeOnLoadMethodAttributes (6ms)
				AfterProcessingInitializeOnLoad (6ms)
				EditorAssembliesLoaded (0ms)
			ExecutionOrderSort2 (0ms)
			AwakeInstancesAfterBackupRestoration (5ms)
Platform modules already initialized, skipping
Refreshing native plugins compatible for Editor in 0.76 ms, found 3 plugins.
Preloading 0 native plugins for Editor in 0.00 ms.
Unloading 3665 Unused Serialized files (Serialized files now loaded: 0)
System memory in use before: 173.0 MB.
System memory in use after: 166.6 MB.

Unloading 101 unused Assets to reduce memory usage. Loaded Objects now: 4081.
Total: 5.441400 ms (FindLiveObjects: 0.257000 ms CreateObjectMapping: 0.147700 ms MarkObjects: 2.785800 ms  DeleteObjects: 2.250400 ms)

AssetImportParameters requested are different than current active one (requested -> active):
  custom:framework-win-MediaFoundation: 216162199b28c13a410421893ffa2e32 -> 
  custom:video-decoder-ogg-theora: a1e56fd34408186e4bbccfd4996cb3dc -> 
  custom:container-muxer-webm: aa71ff27fc2769a1b78a27578f13a17b -> 
  custom:container-demuxer-webm: 4f35f7cbe854078d1ac9338744f61a02 -> 
  custom:container-demuxer-ogg: 62fdf1f143b41e24485cea50d1cbac27 -> 
  custom:video-encoder-webm-vp8: eb34c28f22e8b96e1ab97ce403110664 -> 
  custom:video-decoder-webm-vp8: 9c59270c3fd7afecdb556c50c9e8de78 -> 
  custom:audio-decoder-ogg-vorbis: bf7c407c2cedff20999df2af8eb42d56 -> 
  custom:audio-encoder-webm-vorbis: bf7c407c2cedff20999df2af8eb42d56 -> 
========================================================================
Received Import Request.
  Time since last request: 535.430740 seconds.
  path: Assets/Scripts/Player Behavior/Player.cs
  artifactKey: Guid(b67531764b1746a48b969e34fc90d2f7) Importer(815301076,1909f56bfc062723c751e8b465ee728b)
Start importing Assets/Scripts/Player Behavior/Player.cs using Guid(b67531764b1746a48b969e34fc90d2f7) Importer(815301076,1909f56bfc062723c751e8b465ee728b)  -> (artifact id: 'c29389e0248bb8bda0763fec77f4b982') in 0.009611 seconds 
  Import took 0.014569 seconds .

========================================================================
Received Prepare
Registering precompiled user dll's ...
Registered in 0.003066 seconds.
Begin MonoManager ReloadAssembly
Native extension for WindowsStandalone target not found
Refreshing native plugins compatible for Editor in 1.06 ms, found 3 plugins.
Preloading 0 native plugins for Editor in 0.00 ms.
Mono: successfully reloaded assembly
- Completed reload, in  0.783 seconds
Domain Reload Profiling:
	ReloadAssembly (783ms)
		BeginReloadAssembly (95ms)
			ExecutionOrderSort (0ms)
			DisableScriptedObjects (3ms)
			BackupInstance (0ms)
			ReleaseScriptingObjects (0ms)
			CreateAndSetChildDomain (28ms)
		EndReloadAssembly (644ms)
			LoadAssemblies (67ms)
			RebuildTransferFunctionScriptingTraits (0ms)
			SetupTypeCache (205ms)
			ReleaseScriptCaches (1ms)
			RebuildScriptCaches (30ms)
			SetupLoadedEditorAssemblies (273ms)
				LogAssemblyErrors (0ms)
				InitializePlatformSupportModulesInManaged (3ms)
				SetLoadedEditorAssemblies (0ms)
				RefreshPlugins (1ms)
				BeforeProcessingInitializeOnLoad (77ms)
				ProcessInitializeOnLoadAttributes (177ms)
				ProcessInitializeOnLoadMethodAttributes (7ms)
				AfterProcessingInitializeOnLoad (6ms)
				EditorAssembliesLoaded (0ms)
			ExecutionOrderSort2 (0ms)
			AwakeInstancesAfterBackupRestoration (5ms)
Platform modules already initialized, skipping
Refreshing native plugins compatible for Editor in 0.67 ms, found 3 plugins.
Preloading 0 native plugins for Editor in 0.00 ms.
Unloading 3665 Unused Serialized files (Serialized files now loaded: 0)
System memory in use before: 173.0 MB.
System memory in use after: 166.6 MB.

Unloading 101 unused Assets to reduce memory usage. Loaded Objects now: 4083.
Total: 5.315100 ms (FindLiveObjects: 0.282600 ms CreateObjectMapping: 0.148400 ms MarkObjects: 2.651700 ms  DeleteObjects: 2.231700 ms)

AssetImportParameters requested are different than current active one (requested -> active):
  custom:framework-win-MediaFoundation: 216162199b28c13a410421893ffa2e32 -> 
  custom:video-decoder-ogg-theora: a1e56fd34408186e4bbccfd4996cb3dc -> 
  custom:container-muxer-webm: aa71ff27fc2769a1b78a27578f13a17b -> 
  custom:container-demuxer-webm: 4f35f7cbe854078d1ac9338744f61a02 -> 
  custom:container-demuxer-ogg: 62fdf1f143b41e24485cea50d1cbac27 -> 
  custom:video-encoder-webm-vp8: eb34c28f22e8b96e1ab97ce403110664 -> 
  custom:video-decoder-webm-vp8: 9c59270c3fd7afecdb556c50c9e8de78 -> 
  custom:audio-decoder-ogg-vorbis: bf7c407c2cedff20999df2af8eb42d56 -> 
  custom:audio-encoder-webm-vorbis: bf7c407c2cedff20999df2af8eb42d56 -> 
========================================================================
Received Import Request.
  Time since last request: 10.078255 seconds.
  path: Assets/Scripts/Player Behavior/PlayerController.cs
  artifactKey: Guid(9a36bf2d616acd54eb81ee59d3800e07) Importer(815301076,1909f56bfc062723c751e8b465ee728b)
Start importing Assets/Scripts/Player Behavior/PlayerController.cs using Guid(9a36bf2d616acd54eb81ee59d3800e07) Importer(815301076,1909f56bfc062723c751e8b465ee728b)  -> (artifact id: 'fbcc66a27127b2693a8f77082a7866ea') in 0.005423 seconds 
  Import took 0.009426 seconds .

AssetImportWorkerClient::OnTransportError - code=2 error=End of file
